

/******************************************************************************************
* WriteStepFile diagnostics.
* Date:                           Mon Aug 25 15:32:34 2014 
* Produced by:                    The EXPRESS Data Manager Version 5.01.0100.02.64mod : 6 Jun 2012
* Module:                         EDMstepFileFactory/EDMstandAlone
* Host:                           DELL-renatus
* Database:                       C:\Users\Renatus\AppData\Local\Temp\{A6CF0F24-CAC2-4203-8A5E-F62B3701AE38}\ifc
* Database version:               5507
* Database creation date:         Mon Aug 25 15:32:21 2014
* Model:                          DataRepository.ifc
* Model creation date:            Mon Aug 25 15:32:22 2014
* Header model:                   DataRepository.ifc_HeaderModel
* Header model creation date:     Mon Aug 25 15:32:22 2014
* Step file:                      tagus.ifc
* EDMuser:                        sdai-user
* EDMgroup:                       sdai-group
* License ID and type:            5605 : Permanent license. Expiry date: 
* EDMstepFileFactory options:     020000
******************************************************************************************/


------------------------------------------------------------------------------------------------
Operation terminated successfully.
------------------------------------------------------------------------------------------------

